Чехова kb@gmail.com 142
 Ошибка в строке 1: «Возраст» не соответствует допустимому.
hjkhjk
 Ошибка в строке 2: Не заполнено имя, e-mail или возраст.
Ольга kmrn@gmail.com 123
 Ошибка в строке 5: «Возраст» не соответствует допустимому.
Степан ky 59
 Ошибка в строке 7: e-mail не содержит @ и/или точку.
Сте пан k.y 12
 Ошибка в строке 8: e-mail не содержит @ и/или точку.
Чехова kb@gmail.com 142
 Ошибка в строке 1: «Возраст» не соответствует допустимому.
hjkhjk
 Ошибка в строке 2: Не заполнено имя, e-mail или возраст.
Ольга kmrn@gmail.com 123
 Ошибка в строке 5: «Возраст» не соответствует допустимому.
Степан ky 59
 Ошибка в строке 7: e-mail не содержит @ и/или точку.
Сте пан k.y 12
 Ошибка в строке 8: e-mail не содержит @ и/или точку.
Чехова kb@gmail.com 142
 Ошибка в строке 1: «Возраст» не соответствует допустимому.
hjkhjk
 Ошибка в строке 2: Не заполнено имя, e-mail или возраст.
Ольга kmrn@gmail.com 123
 Ошибка в строке 5: «Возраст» не соответствует допустимому.
Степан ky 59
 Ошибка в строке 7: e-mail не содержит @ и/или точку.
Сте пан k.y 12
 Ошибка в строке 8: e-mail не содержит @ и/или точку.
Чехова kb@gmail.com 142
 Ошибка в строке 1: «Возраст» не соответствует допустимому.
hjkhjk
 Ошибка в строке 2: Не заполнено имя, e-mail или возраст.
Ольга kmrn@gmail.com 123
 Ошибка в строке 5: «Возраст» не соответствует допустимому.
Степан ky 59
 Ошибка в строке 7: e-mail не содержит @ и/или точку.
Сте пан k.y 12
 Ошибка в строке 8: e-mail не содержит @ и/или точку.
Чехова kb@gmail.com 142
 Ошибка в строке 1: «Возраст» не соответствует допустимому.
hjkhjk
 Ошибка в строке 2: Не заполнено имя, e-mail или возраст.
Ольга kmrn@gmail.com 123
 Ошибка в строке 5: «Возраст» не соответствует допустимому.
Степан ky 59
 Ошибка в строке 7: e-mail не содержит @ и/или точку.
Сте пан k.y 12
 Ошибка в строке 8: e-mail не содержит @ и/или точку.
Чехова kb@gmail.com 142
 Ошибка в строке 1: «Возраст» не соответствует допустимому.
hjkhjk
 Ошибка в строке 2: Не заполнено имя, e-mail или возраст.
Ольга kmrn@gmail.com 123
 Ошибка в строке 5: «Возраст» не соответствует допустимому.
Степан ky 59
 Ошибка в строке 7: e-mail не содержит @ и/или точку.
Сте пан k.y 12
 Ошибка в строке 8: e-mail не содержит @ и/или точку.
Чехова kb@gmail.com 142
 Ошибка в строке 1: «Возраст» не соответствует допустимому.
hjkhjk
 Ошибка в строке 2: Не заполнено имя, e-mail или возраст.
Ольга kmrn@gmail.com 123
 Ошибка в строке 5: «Возраст» не соответствует допустимому.
Степан ky 59
 Ошибка в строке 7: e-mail не содержит @ и/или точку.
Сте пан k.y 12
 Ошибка в строке 8: e-mail не содержит @ и/или точку.
Чехова kb@gmail.com 142
 Ошибка в строке 1: «Возраст» не соответствует допустимому.
hjkhjk
 Ошибка в строке 2: Не заполнено имя, e-mail или возраст.
Ольга kmrn@gmail.com 123
 Ошибка в строке 5: «Возраст» не соответствует допустимому.
Степан ky 59
 Ошибка в строке 7: e-mail не содержит @ и/или точку.
Сте пан k.y 12
 Ошибка в строке 8: e-mail не содержит @ и/или точку.
Чехова kb@gmail.com 142
 Ошибка в строке 1: «Возраст» не соответствует допустимому.
hjkhjk
 Ошибка в строке 2: Не заполнено имя, e-mail или возраст.
Ольга kmrn@gmail.com 123
 Ошибка в строке 5: «Возраст» не соответствует допустимому.
Степан ky 59
 Ошибка в строке 7: e-mail не содержит @ и/или точку.
Сте пан k.y 12
 Ошибка в строке 8: e-mail не содержит @ и/или точку.
